https://www.readmorejoy.com/post
https://www.readmorejoy.com/2019/05/markdown
https://www.readmorejoy.com/tags
http://www.readmorejoy.com/2019/05/syntax-highlighting
https://www.readmorejoy.com/tags/theme
https://www.readmorejoy.com/categories/%E5%88%9B%E6%84%8F
https://www.readmorejoy.com/2019/05/welcome
https://www.readmorejoy.com/about
http://www.readmorejoy.com/2019/05/selecttoml
https://www.readmorejoy.com/tags/markdown
https://www.readmorejoy.com/2019/05/syntax-highlighting
https://www.readmorejoy.com/2019/05/usehugo
https://www.readmorejoy.com/index.xml
https://www.readmorejoy.com/page/2
http://www.readmorejoy.com
https://www.readmorejoy.com/2019/05/selecttoml
https://www.readmorejoy.com/tags/hugo%E7%BD%91%E7%AB%99
https://www.readmorejoy.com/tags/shortcodes
http://www.readmorejoy.com/2019/05/shortcodes-notice
https://www.readmorejoy.com/2019/05/shortcodes-notice
https://www.readmorejoy.com/categories
https://www.readmorejoy.com/post/page/2
http://www.readmorejoy.com/2019/05/markdown
https://www.readmorejoy.com/2019/05/shortcodes-preview
https://www.readmorejoy.com/2019/05/release02
https://www.readmorejoy.com/2019/05/newtheme
http://www.readmorejoy.com/2019/05/welcomereadmorejoy
http://www.readmorejoy.com/2019/05/shortcodes-preview
http://www.readmorejoy.com/2019/05/usehugo
http://www.readmorejoy.com/2019/05/release02
https://www.readmorejoy.com/tags/readmorejoy
http://www.readmorejoy.com/page/2
https://www.readmorejoy.com/categories/%E6%8A%80%E6%9C%AF
https://www.readmorejoy.com/2019/05/usemarkdown
http://www.readmorejoy.com/2019/05/usemarkdown
http://www.readmorejoy.com/2019/05/welcome
http://www.readmorejoy.com/2019/05/newtheme
https://www.readmorejoy.com/2019/05/janemarkdown
http://www.readmorejoy.com/2019/05/janemarkdown
https://www.readmorejoy.com
https://www.readmorejoy.com/2019/05/welcomereadmorejoy
